<?xml version="1.0" encoding="UTF-8"?>
<!-- Generated by org.testng.reporters.JUnitReportReporter -->
<testsuite hostname="LAPTOP-BBV4M2VF" failures="0" tests="1" name="testcases.ValidateLoginTest" time="25.395" errors="0" timestamp="2020-04-11T16:42:46 IST" skipped="0">
  <testcase classname="testcases.ValidateLoginTest" name="testLoginLink" time="25.395"/>
</testsuite> <!-- testcases.ValidateLoginTest -->
