<?xml version="1.0" encoding="UTF-8"?>
<!-- Generated by org.testng.reporters.JUnitReportReporter -->
<testsuite hostname="LAPTOP-BBV4M2VF" failures="0" tests="1" name="testcases.LoginFunctionalityTest" time="29.621" errors="0" timestamp="2020-04-11T21:43:03 IST" skipped="0">
  <testcase classname="testcases.LoginFunctionalityTest" name="loginTest" time="29.621"/>
  <system-out/>
</testsuite> <!-- testcases.LoginFunctionalityTest -->
