<?xml version="1.0" encoding="UTF-8"?>
<!-- Generated by org.testng.reporters.JUnitReportReporter -->
<testsuite hostname="LAPTOP-BBV4M2VF" failures="0" tests="2" name="testcases.ValidateSearch" time="78.915" errors="0" timestamp="2020-04-11T21:43:03 IST" skipped="0">
  <testcase classname="testcases.ValidateSearch" name="testSearch" time="38.305"/>
  <system-out/>
  <testcase classname="testcases.ValidateSearch" name="testSearch" time="40.610"/>
  <system-out/>
</testsuite> <!-- testcases.ValidateSearch -->
